<?xml version="1.0" encoding="UTF-8"?>
<!-- Generated by org.testng.reporters.JUnitReportReporter -->
<testsuite skipped="0" hostname="jitmajumdar-PC" name="testngg.Sample" tests="1" failures="0" timestamp="23 Feb 2019 11:56:11 GMT" time="0.063" errors="0">
  <testcase name="f" time="0.063" classname="testngg.Sample"/>
</testsuite> <!-- testngg.Sample -->
